This is TeX, C Version 3.0 (format=lplain 91.7.14)  19 NOV 1991 17:22
**&latex libfxcl
(libfxcl.tex
LaTeX Version 2.09 <4 Aug 1988>
Prepared for MIT Project Athena. (/usr/athena/lib/tex/macros/article.sty
Document Style `article' <16 Mar 88>.
(/usr/athena/lib/tex/macros/art10.sty)
\c@part=\count78
\c@section=\count79
\c@subsection=\count80
\c@subsubsection=\count81
\c@paragraph=\count82
\c@subparagraph=\count83
\c@figure=\count84
\c@table=\count85
) (libfxcl.aux) (libfxcl.toc)
\tf@toc=\write3
 [1

]
[2]
Overfull \hbox (1.42459pt too wide) in paragraph at lines 113--116
[]\tenrm NOTE: On some sys-tems, clos-ing a file ex-change twice may cause sub-
se-quent calls to \tentt malloc()

\hbox(6.94444+1.94444)x417.26999, glue set - 1.0
.\hbox(0.0+0.0)x15.0
.\tenrm N
.\tenrm O
.\tenrm T
.\tenrm E
.etc.

[3] [4] [5] [6] [7] [8] [9]
Overfull \hbox (8.21982pt too wide) in paragraph at lines 455--460
[]\tenrm The most fre-quent use of \tentt fx_move() \tenrm is to change the Pa-
per-Type dur-ing grad-ing. A TURNEDIN

\hbox(6.94444+1.94444)x417.26999, glue set - 1.0
.\hbox(0.0+0.0)x15.0
.\tenrm T
.\tenrm h
.\tenrm e
.\glue 3.33333 plus 1.66666 minus 1.11111
.etc.

[10] (libfxcl.aux) ) 
Here is how much of TeX's memory you used:
 155 strings out of 4463
 1475 string characters out of 63232
 30785 words of memory out of 131071
 2095 multiletter control sequences out of 9500
 19109 words of font info for 73 fonts, out of 72000 for 255
 14 hyphenation exceptions out of 607
 13i,6n,15p,405b,235s stack positions out of 300i,40n,60p,3000b,4000s

Output written on libfxcl.dvi (10 pages, 23592 bytes).
