This is TeX, C Version 3.14t3 (format=lplain 91.9.13)  5 JUN 1995 03:37
**models
(models.tex
LaTeX Version 2.09 <7 Dec 1989>
(/usr/lib/tex/inputs/article.sty
Document Style `article' <16 Mar 88>.
(/usr/lib/tex/inputs/art10.sty)
\c@part=\count79
\c@section=\count80
\c@subsection=\count81
\c@subsubsection=\count82
\c@paragraph=\count83
\c@subparagraph=\count84
\c@figure=\count85
\c@table=\count86
) (margins.tex) (models.aux) (d3.tex)
(henon.tex) (logistic.tex [1

]) (kotorus.tex) (simple_torus_map.tex)
(standard.tex [2]) (cubic.tex) (duffing.tex [3]) (lorenz.tex) (mathieu.tex
[4]) (pendulum.tex) (vdp.tex [5]) (cstr.tex) (d4.tex [6]) (dtoroid.tex [7])
(fw.tex [8]) (hh.tex) (rla.tex [9] [10]) (symm_red.tex [11]) (biblio.tex
[12]) [13] (models.aux) ) 
Here is how much of TeX's memory you used:
 237 strings out of 4463
 2138 string characters out of 63265
 36917 words of memory out of 262141
 2147 multiletter control sequences out of 9500
 18996 words of font info for 72 fonts, out of 72000 for 255
 14 hyphenation exceptions out of 607
 13i,13n,18p,163b,245s stack positions out of 300i,40n,60p,3000b,4000s

Output written on models.dvi (13 pages, 51396 bytes).
