This is TeX, C Version 3.14t3 (format=lplain 92.7.31)  19 FEB 1993 18:16
**apex_man.latex
(apex_man.latex
LaTeX Version 2.09 <7 Dec 1989>
(/usr/local/lib/tex/TeX3.14/inputs/report.sty
Document Style `report' <13 Nov 89>.
(/usr/local/lib/tex/TeX3.14/inputs/rep10.sty)
\descriptionmargin=\dimen99
\c@part=\count79
\c@chapter=\count80
\c@section=\count81
\c@subsection=\count82
\c@subsubsection=\count83
\c@paragraph=\count84
\c@subparagraph=\count85
\c@figure=\count86
\c@table=\count87

(/usr/local/lib/tex/TeX3.14/inputs/titlepage.sty)) (apex_man.aux) [0

]
(apex_man.toc [1

] [2])
\tf@toc=\write3
 [3]
Chapter 1.
[1

] [2]
Chapter 2.

Overfull \hbox (21.3074pt too wide) in paragraph at lines 78--79
[]\tenrm If your text has ob-ject link in-for-ma-tion, an ad-di-tional file, \t
entt <your[]filename>.apex

\hbox(6.94444+2.22223)x345.0, glue set - 1.0
.\hbox(0.0+0.0)x15.0
.\tenrm I
.\tenrm f
.\glue 3.33333 plus 1.66666 minus 1.11111
.\tenrm y
.etc.

[3

] [4] [5] [6] [7]
Chapter 3.
[8

]
Overfull \hbox (49.69112pt too wide) in paragraph at lines 179--180
\tenrm ((\tenmi Number of operators\tenrm ) + (\tenmi Number of operands\tenrm 
)) \tensy ^^C \tenrm ((\tenmi log[]\tenrm )(\tenmi number of uniqueoperators\te
nrm ) +

\hbox(7.5+2.5)x345.0, glue set - 1.0
.\tenrm (
.\tenrm (
.\tenmi N
.\kern1.09026
.\tenmi u
.etc.

[9] [10]
Chapter 4.
[11

] [12]
Chapter 5.
[13

]
Chapter 6.
[14

] [15]
Chapter 7.
[16

]
Appendix A.
[17

]
Overfull \hbox (64.49643pt too wide) in paragraph at lines 532--532
[]                    \tentt XView warning: Cannot load font 'galant-24' (Font 
package)[] 

\hbox(6.94444+2.22223)x345.0
.\hbox(0.0+0.0)x0.0
.\penalty 10000
.\glue 5.24995
.\penalty 10000
.\glue 5.24995
.etc.

[18] [19] [20] [21] [22]
Appendix B.

Overfull \hbox (47.74677pt too wide) in paragraph at lines 543--544
[]$\tensy n$\tentt n<!@ <link id> <link to filename> <link tail id> <optional d
escription>

\hbox(7.5+2.5)x345.0
.\hbox(0.0+0.0)x15.0
.\mathon
.\tensy n
.\mathoff
.\tentt n
.etc.


Overfull \hbox (74.99634pt too wide) in paragraph at lines 557--557
[] []\tentt [G|S] function_name filename line_number program_volume number_of_f
unction_calls[] 

\hbox(6.94444+2.22223)x345.0
.\hbox(0.0+0.0)x0.0
.\glue 0.0
.\hbox(0.0+0.0)x0.0
..\glue 0.0
..\glue 0.0
..\glue -5.0
..\hbox(0.0+0.0)x0.0
..\glue 5.0
.\penalty 0
.\tentt [
.etc.

[23

] [24]
Overfull \hbox (9.25319pt too wide) in paragraph at lines 596--597
[]\tenrm Those wish-ing to mod-ify the ac-tual calls to RCS should look at \ten
tt cip[]apply[]proc

\hbox(6.94444+2.22223)x345.0, glue set - 1.0
.\hbox(0.0+0.0)x15.0
.\tenrm T
.\tenrm h
.\tenrm o
.\tenrm s
.etc.


Overfull \hbox (0.55228pt too wide) in paragraph at lines 602--603
\tenrm tion to in-stall these ac-tion but-tons. See the func-tion \tentt create
[]load[]browser[]proc

\hbox(6.94444+2.22223)x345.0, glue set - 1.0
.\tenrm t
.\tenrm i
.\tenrm o
.\tenrm n
.\glue 3.33333 plus 1.66666 minus 1.11111
.etc.

[25] [26] [27] [28]
Appendix C.

Overfull \hbox (11.99689pt too wide) in paragraph at lines 730--730
[]\tentt freedom to share and change it.  By contrast, the GNU General Public[]
 

\hbox(6.11111+2.22223)x345.0
.\hbox(0.0+0.0)x0.0
.\tentt f
.\tentt r
.\tentt e
.\tentt e
.etc.


Overfull \hbox (22.4968pt too wide) in paragraph at lines 730--730
[]\tentt License is intended to guarantee your freedom to share and change free
[] 

\hbox(6.11111+2.22223)x345.0
.\hbox(0.0+0.0)x0.0
.\tentt L
.\tentt i
.\tentt c
.\tentt e
.etc.


Overfull \hbox (11.99689pt too wide) in paragraph at lines 730--730
[]\tentt software--to make sure the software is free for all its users.  This[]
 

\hbox(6.11111+0.0)x345.0
.\hbox(0.0+0.0)x0.0
.\tentt s
.\tentt o
.\tentt f
.\tentt t
.etc.


Overfull \hbox (22.4968pt too wide) in paragraph at lines 730--730
[]\tentt Foundation's software and to any other program whose authors commit to
[] 

\hbox(6.11111+2.22223)x345.0
.\hbox(0.0+0.0)x0.0
.\tentt F
.\tentt o
.\tentt u
.\tentt n
.etc.


Overfull \hbox (22.4968pt too wide) in paragraph at lines 730--730
[]\tentt using it.  (Some other Free Software Foundation software is covered by
[] 

\hbox(6.94444+2.22223)x345.0
.\hbox(0.0+0.0)x0.0
.\tentt u
.\tentt s
.\tentt i
.\tentt n
.etc.


Overfull \hbox (17.24684pt too wide) in paragraph at lines 730--730
[]\tentt the GNU Library General Public License instead.)  You can apply it to[
] 

\hbox(6.94444+2.22223)x345.0
.\hbox(0.0+0.0)x0.0
.\tentt t
.\tentt h
.\tentt e
.\penalty 10000
.etc.


Overfull \hbox (1.49698pt too wide) in paragraph at lines 730--730
[]  \tentt When we speak of free software, we are referring to freedom, not[] 

\hbox(6.11111+2.22223)x345.0
.\hbox(0.0+0.0)x0.0
.\penalty 10000
.\glue 5.24995
.\penalty 10000
.\glue 5.24995
.etc.


Overfull \hbox (22.4968pt too wide) in paragraph at lines 730--730
[]\tentt price.  Our General Public Licenses are designed to make sure that you
[] 

\hbox(6.11111+2.22223)x345.0
.\hbox(0.0+0.0)x0.0
.\tentt p
.\tentt r
.\tentt i
.\tentt c
.etc.


Overfull \hbox (22.4968pt too wide) in paragraph at lines 730--730
[]\tentt have the freedom to distribute copies of free software (and charge for
[] 

\hbox(6.94444+2.22223)x345.0
.\hbox(0.0+0.0)x0.0
.\tentt h
.\tentt a
.\tentt v
.\tentt e
.etc.


Overfull \hbox (17.24684pt too wide) in paragraph at lines 730--730
[]\tentt this service if you wish), that you receive source code or can get it[
] 

\hbox(6.94444+2.22223)x345.0
.\hbox(0.0+0.0)x0.0
.\tentt t
.\tentt h
.\tentt i
.\tentt s
.etc.


Overfull \hbox (11.99689pt too wide) in paragraph at lines 730--730
[]\tentt if you want it, that you can change the software or use pieces of it[]
 

\hbox(6.11111+2.22223)x345.0
.\hbox(0.0+0.0)x0.0
.\tentt i
.\tentt f
.\penalty 10000
.\glue 5.24995
.etc.

[29

]
Overfull \hbox (1.49698pt too wide) in paragraph at lines 730--730
[]  \tentt To protect your rights, we need to make restrictions that forbid[] 

\hbox(6.11111+2.22223)x345.0
.\hbox(0.0+0.0)x0.0
.\penalty 10000
.\glue 5.24995
.\penalty 10000
.\glue 5.24995
.etc.


Overfull \hbox (22.4968pt too wide) in paragraph at lines 730--730
[]\tentt anyone to deny you these rights or to ask you to surrender the rights.
[] 

\hbox(6.11111+2.22223)x345.0
.\hbox(0.0+0.0)x0.0
.\tentt a
.\tentt n
.\tentt y
.\tentt o
.etc.


Overfull \hbox (27.74675pt too wide) in paragraph at lines 730--730
[]\tentt These restrictions translate to certain responsibilities for you if yo
u[] 

\hbox(6.11111+2.22223)x345.0
.\hbox(0.0+0.0)x0.0
.\tentt T
.\tentt h
.\tentt e
.\tentt s
.etc.


Overfull \hbox (1.49698pt too wide) in paragraph at lines 730--730
[]  \tentt For example, if you distribute copies of such a program, whether[] 

\hbox(6.11111+2.22223)x345.0
.\hbox(0.0+0.0)x0.0
.\penalty 10000
.\glue 5.24995
.\penalty 10000
.\glue 5.24995
.etc.


Overfull \hbox (17.24684pt too wide) in paragraph at lines 730--730
[]\tentt gratis or for a fee, you must give the recipients all the rights that[
] 

\hbox(6.11111+2.22223)x345.0
.\hbox(0.0+0.0)x0.0
.\tentt g
.\tentt r
.\tentt a
.\tentt t
.etc.


Overfull \hbox (11.99689pt too wide) in paragraph at lines 730--730
[]\tentt you have.  You must make sure that they, too, receive or can get the[]
 

\hbox(6.11111+2.22223)x345.0
.\hbox(0.0+0.0)x0.0
.\tentt y
.\tentt o
.\tentt u
.\penalty 10000
.etc.


Overfull \hbox (6.74693pt too wide) in paragraph at lines 730--730
[]\tentt source code.  And you must show them these terms so they know their[] 


\hbox(6.11111+2.22223)x345.0
.\hbox(0.0+0.0)x0.0
.\tentt s
.\tentt o
.\tentt u
.\tentt r
.etc.


Overfull \hbox (32.9967pt too wide) in paragraph at lines 730--730
[]  \tentt We protect your rights with two steps: (1) copyright the software, a
nd[] 

\hbox(6.94444+2.22223)x345.0
.\hbox(0.0+0.0)x0.0
.\penalty 10000
.\glue 5.24995
.\penalty 10000
.\glue 5.24995
.etc.


Overfull \hbox (11.99689pt too wide) in paragraph at lines 730--730
[]\tentt (2) offer you this license which gives you legal permission to copy,[]
 

\hbox(6.94444+2.22223)x345.0
.\hbox(0.0+0.0)x0.0
.\tentt (
.\tentt 2
.\tentt )
.\penalty 10000
.etc.


Overfull \hbox (22.4968pt too wide) in paragraph at lines 730--730
[]  \tentt Also, for each author's protection and ours, we want to make certain
[] 

\hbox(6.11111+2.22223)x345.0
.\hbox(0.0+0.0)x0.0
.\penalty 10000
.\glue 5.24995
.\penalty 10000
.\glue 5.24995
.etc.


Overfull \hbox (32.9967pt too wide) in paragraph at lines 730--730
[]\tentt software.  If the software is modified by someone else and passed on, 
we[] 

\hbox(6.11111+2.22223)x345.0
.\hbox(0.0+0.0)x0.0
.\tentt s
.\tentt o
.\tentt f
.\tentt t
.etc.


Overfull \hbox (27.74675pt too wide) in paragraph at lines 730--730
[]\tentt want its recipients to know that what they have is not the original, s
o[] 

\hbox(6.11111+2.22223)x345.0
.\hbox(0.0+0.0)x0.0
.\tentt w
.\tentt a
.\tentt n
.\tentt t
.etc.


Overfull \hbox (27.74675pt too wide) in paragraph at lines 730--730
[]\tentt that any problems introduced by others will not reflect on the origina
l[] 

\hbox(6.11111+2.22223)x345.0
.\hbox(0.0+0.0)x0.0
.\tentt t
.\tentt h
.\tentt a
.\tentt t
.etc.


Overfull \hbox (6.74693pt too wide) in paragraph at lines 730--730
[]\tentt patents.  We wish to avoid the danger that redistributors of a free[] 


\hbox(6.11111+2.22223)x345.0
.\hbox(0.0+0.0)x0.0
.\tentt p
.\tentt a
.\tentt t
.\tentt e
.etc.


Overfull \hbox (22.4968pt too wide) in paragraph at lines 730--730
[]\tentt program will individually obtain patent licenses, in effect making the
[] 

\hbox(6.11111+2.22223)x345.0
.\hbox(0.0+0.0)x0.0
.\tentt p
.\tentt r
.\tentt o
.\tentt g
.etc.


Overfull \hbox (17.24684pt too wide) in paragraph at lines 730--730
[]\tentt program proprietary.  To prevent this, we have made it clear that any[
] 

\hbox(6.11111+2.22223)x345.0
.\hbox(0.0+0.0)x0.0
.\tentt p
.\tentt r
.\tentt o
.\tentt g
.etc.


Overfull \hbox (27.74675pt too wide) in paragraph at lines 730--730
[]\tentt patent must be licensed for everyone's free use or not licensed at all
.[] 

\hbox(6.11111+2.22223)x345.0
.\hbox(0.0+0.0)x0.0
.\tentt p
.\tentt a
.\tentt t
.\tentt e
.etc.

[30]
Overfull \hbox (28.37038pt too wide) in paragraph at lines 733--733
[]\frtnbf GNU GEN-ERAL PUB-LIC LI-CENSE TERMS

\hbox(9.87999+0.0)x345.0, glue set - 1.0
.\hbox(9.87999+0.0)x41.39972
..\glue 0.0
..\frtnbf C
..\frtnbf .
..\frtnbf 2
..\glue 16.55989
.\frtnbf G
.\frtnbf N
.\frtnbf U
.\glue 5.51996 plus 2.75722 minus 1.84181
.etc.


Overfull \hbox (11.65228pt too wide) in paragraph at lines 733--733
\frtnbf AND CON-DI-TIONS FOR COPY-ING, DIS-

\hbox(9.87999+2.79999)x303.60028, glue set - 1.0
.\frtnbf A
.\frtnbf N
.\frtnbf D
.\glue 5.51996 plus 2.75722 minus 1.84181
.\frtnbf C
.etc.


Overfull \hbox (17.24684pt too wide) in paragraph at lines 955--955
[] []  \tentt 0. This License applies to any program or other work which contai
ns[] 

\hbox(6.11111+2.22223)x345.0
.\hbox(0.0+0.0)x0.0
.\glue 0.0
.\hbox(0.0+0.0)x0.0
..\glue 0.0
..\glue 0.0
..\glue -5.0
..\hbox(0.0+0.0)x0.0
..\glue 5.0
.\penalty 0
.\penalty 10000
.etc.


Overfull \hbox (11.99689pt too wide) in paragraph at lines 955--955
[]\tentt a notice placed by the copyright holder saying it may be distributed[]
 

\hbox(6.11111+2.22223)x345.0
.\hbox(0.0+0.0)x0.0
.\tentt a
.\penalty 10000
.\glue 5.24995
.\tentt n
.etc.


Overfull \hbox (22.4968pt too wide) in paragraph at lines 955--955
[]\tentt under the terms of this General Public License.  The "Program", below,
[] 

\hbox(6.11111+2.22223)x345.0
.\hbox(0.0+0.0)x0.0
.\tentt u
.\tentt n
.\tentt d
.\tentt e
.etc.


Overfull \hbox (17.24684pt too wide) in paragraph at lines 955--955
[]\tentt refers to any such program or work, and a "work based on the Program"[
] 

\hbox(6.11111+2.22223)x345.0
.\hbox(0.0+0.0)x0.0
.\tentt r
.\tentt e
.\tentt f
.\tentt e
.etc.


Overfull \hbox (11.99689pt too wide) in paragraph at lines 955--955
[]\tentt means either the Program or any derivative work under copyright law:[]
 

\hbox(6.11111+2.22223)x345.0
.\hbox(0.0+0.0)x0.0
.\tentt m
.\tentt e
.\tentt a
.\tentt n
.etc.


Overfull \hbox (11.99689pt too wide) in paragraph at lines 955--955
[]\tentt either verbatim or with modifications and/or translated into another[]
 

\hbox(6.94444+0.8333)x345.0
.\hbox(0.0+0.0)x0.0
.\tentt e
.\tentt i
.\tentt t
.\tentt h
.etc.


Overfull \hbox (22.4968pt too wide) in paragraph at lines 955--955
[]\tentt language.  (Hereinafter, translation is included without limitation in
[] 

\hbox(6.94444+2.22223)x345.0
.\hbox(0.0+0.0)x0.0
.\tentt l
.\tentt a
.\tentt n
.\tentt g
.etc.


Overfull \hbox (11.99689pt too wide) in paragraph at lines 955--955
[]\tentt Activities other than copying, distribution and modification are not[]
 

\hbox(6.11111+2.22223)x345.0
.\hbox(0.0+0.0)x0.0
.\tentt A
.\tentt c
.\tentt t
.\tentt i
.etc.


Overfull \hbox (22.4968pt too wide) in paragraph at lines 955--955
[]\tentt running the Program is not restricted, and the output from the Program
[] 

\hbox(6.11111+2.22223)x345.0
.\hbox(0.0+0.0)x0.0
.\tentt r
.\tentt u
.\tentt n
.\tentt n
.etc.


Overfull \hbox (6.74693pt too wide) in paragraph at lines 955--955
[]\tentt conspicuously and appropriately publish on each copy an appropriate[] 


\hbox(6.11111+2.22223)x345.0
.\hbox(0.0+0.0)x0.0
.\tentt c
.\tentt o
.\tentt n
.\tentt s
.etc.


Overfull \hbox (22.4968pt too wide) in paragraph at lines 955--955
[]\tentt notices that refer to this License and to the absence of any warranty;
[] 

\hbox(6.11111+2.22223)x345.0
.\hbox(0.0+0.0)x0.0
.\tentt n
.\tentt o
.\tentt t
.\tentt i
.etc.


Overfull \hbox (6.74693pt too wide) in paragraph at lines 955--955
[]\tentt and give any other recipients of the Program a copy of this License[] 


\hbox(6.11111+2.22223)x345.0
.\hbox(0.0+0.0)x0.0
.\tentt a
.\tentt n
.\tentt d
.\penalty 10000
.etc.


Overfull \hbox (17.24684pt too wide) in paragraph at lines 955--955
[]\tentt You may charge a fee for the physical act of transferring a copy, and[
] 

\hbox(6.11111+2.22223)x345.0
.\hbox(0.0+0.0)x0.0
.\tentt Y
.\tentt o
.\tentt u
.\penalty 10000
.etc.


Overfull \hbox (27.74675pt too wide) in paragraph at lines 955--955
[]\tentt you may at your option offer warranty protection in exchange for a fee
.[] 

\hbox(6.11111+2.22223)x345.0
.\hbox(0.0+0.0)x0.0
.\tentt y
.\tentt o
.\tentt u
.\penalty 10000
.etc.


Overfull \hbox (17.24684pt too wide) in paragraph at lines 955--955
[]  \tentt 2. You may modify your copy or copies of the Program or any portion[
] 

\hbox(6.11111+2.22223)x345.0
.\hbox(0.0+0.0)x0.0
.\penalty 10000
.\glue 5.24995
.\penalty 10000
.\glue 5.24995
.etc.


Overfull \hbox (1.49698pt too wide) in paragraph at lines 955--955
[]\tentt distribute such modifications or work under the terms of Section 1[] 

\hbox(6.11111+0.0)x345.0
.\hbox(0.0+0.0)x0.0
.\tentt d
.\tentt i
.\tentt s
.\tentt t
.etc.


Overfull \hbox (6.74693pt too wide) in paragraph at lines 955--955
[]    \tentt a) You must cause the modified files to carry prominent notices[] 


\hbox(6.94444+2.22223)x345.0
.\hbox(0.0+0.0)x0.0
.\penalty 10000
.\glue 5.24995
.\penalty 10000
.\glue 5.24995
.etc.


Overfull \hbox (1.49698pt too wide) in paragraph at lines 955--955
[]    \tentt stating that you changed the files and the date of any change.[] 

\hbox(6.11111+2.22223)x345.0
.\hbox(0.0+0.0)x0.0
.\penalty 10000
.\glue 5.24995
.\penalty 10000
.\glue 5.24995
.etc.


Overfull \hbox (22.4968pt too wide) in paragraph at lines 955--955
[]    \tentt b) You must cause any work that you distribute or publish, that in
[] 

\hbox(6.94444+2.22223)x345.0
.\hbox(0.0+0.0)x0.0
.\penalty 10000
.\glue 5.24995
.\penalty 10000
.\glue 5.24995
.etc.


Overfull \hbox (6.74693pt too wide) in paragraph at lines 955--955
[]    \tentt whole or in part contains or is derived from the Program or any[] 


\hbox(6.11111+2.22223)x345.0
.\hbox(0.0+0.0)x0.0
.\penalty 10000
.\glue 5.24995
.\penalty 10000
.\glue 5.24995
.etc.


Overfull \hbox (17.24684pt too wide) in paragraph at lines 955--955
[]    \tentt part thereof, to be licensed as a whole at no charge to all third[
] 

\hbox(6.11111+2.22223)x345.0
.\hbox(0.0+0.0)x0.0
.\penalty 10000
.\glue 5.24995
.\penalty 10000
.\glue 5.24995
.etc.

[31]
Overfull \hbox (11.99689pt too wide) in paragraph at lines 955--955
[]    \tentt c) If the modified program normally reads commands interactively[]
 

\hbox(6.94444+2.22223)x345.0
.\hbox(0.0+0.0)x0.0
.\penalty 10000
.\glue 5.24995
.\penalty 10000
.\glue 5.24995
.etc.


Overfull \hbox (11.99689pt too wide) in paragraph at lines 955--955
[]    \tentt interactive use in the most ordinary way, to print or display an[]
 

\hbox(6.11111+2.22223)x345.0
.\hbox(0.0+0.0)x0.0
.\penalty 10000
.\glue 5.24995
.\penalty 10000
.\glue 5.24995
.etc.


Overfull \hbox (22.4968pt too wide) in paragraph at lines 955--955
[]    \tentt notice that there is no warranty (or else, saying that you provide
[] 

\hbox(6.94444+2.22223)x345.0
.\hbox(0.0+0.0)x0.0
.\penalty 10000
.\glue 5.24995
.\penalty 10000
.\glue 5.24995
.etc.


Overfull \hbox (17.24684pt too wide) in paragraph at lines 955--955
[]    \tentt these conditions, and telling the user how to view a copy of this[
] 

\hbox(6.11111+2.22223)x345.0
.\hbox(0.0+0.0)x0.0
.\penalty 10000
.\glue 5.24995
.\penalty 10000
.\glue 5.24995
.etc.


Overfull \hbox (1.49698pt too wide) in paragraph at lines 955--955
[]    \tentt License.  (Exception: if the Program itself is interactive but[] 

\hbox(6.94444+2.22223)x345.0
.\hbox(0.0+0.0)x0.0
.\penalty 10000
.\glue 5.24995
.\penalty 10000
.\glue 5.24995
.etc.


Overfull \hbox (11.99689pt too wide) in paragraph at lines 955--955
[]    \tentt does not normally print such an announcement, your work based on[]
 

\hbox(6.11111+2.22223)x345.0
.\hbox(0.0+0.0)x0.0
.\penalty 10000
.\glue 5.24995
.\penalty 10000
.\glue 5.24995
.etc.


Overfull \hbox (11.99689pt too wide) in paragraph at lines 955--955
[]\tentt identifiable sections of that work are not derived from the Program,[]
 

\hbox(6.11111+2.22223)x345.0
.\hbox(0.0+0.0)x0.0
.\tentt i
.\tentt d
.\tentt e
.\tentt n
.etc.


Overfull \hbox (1.49698pt too wide) in paragraph at lines 955--955
[]\tentt and can be reasonably considered independent and separate works in[] 

\hbox(6.11111+2.22223)x345.0
.\hbox(0.0+0.0)x0.0
.\tentt a
.\tentt n
.\tentt d
.\penalty 10000
.etc.


Overfull \hbox (6.74693pt too wide) in paragraph at lines 955--955
[]\tentt themselves, then this License, and its terms, do not apply to those[] 


\hbox(6.11111+2.22223)x345.0
.\hbox(0.0+0.0)x0.0
.\tentt t
.\tentt h
.\tentt e
.\tentt m
.etc.


Overfull \hbox (1.49698pt too wide) in paragraph at lines 955--955
[]\tentt sections when you distribute them as separate works.  But when you[] 

\hbox(6.11111+2.22223)x345.0
.\hbox(0.0+0.0)x0.0
.\tentt s
.\tentt e
.\tentt c
.\tentt t
.etc.


Overfull \hbox (17.24684pt too wide) in paragraph at lines 955--955
[]\tentt distribute the same sections as part of a whole which is a work based[
] 

\hbox(6.11111+2.22223)x345.0
.\hbox(0.0+0.0)x0.0
.\tentt d
.\tentt i
.\tentt s
.\tentt t
.etc.


Overfull \hbox (17.24684pt too wide) in paragraph at lines 955--955
[]\tentt on the Program, the distribution of the whole must be on the terms of[
] 

\hbox(6.11111+2.22223)x345.0
.\hbox(0.0+0.0)x0.0
.\tentt o
.\tentt n
.\penalty 10000
.\glue 5.24995
.etc.


Overfull \hbox (38.24666pt too wide) in paragraph at lines 955--955
[]\tentt entire whole, and thus to each and every part regardless of who wrote 
it.[] 

\hbox(6.11111+2.22223)x345.0
.\hbox(0.0+0.0)x0.0
.\tentt e
.\tentt n
.\tentt t
.\tentt i
.etc.


Overfull \hbox (17.24684pt too wide) in paragraph at lines 955--955
[]\tentt Thus, it is not the intent of this section to claim rights or contest[
] 

\hbox(6.11111+2.22223)x345.0
.\hbox(0.0+0.0)x0.0
.\tentt T
.\tentt h
.\tentt u
.\tentt s
.etc.


Overfull \hbox (17.24684pt too wide) in paragraph at lines 955--955
[]\tentt your rights to work written entirely by you; rather, the intent is to[
] 

\hbox(6.11111+2.22223)x345.0
.\hbox(0.0+0.0)x0.0
.\tentt y
.\tentt o
.\tentt u
.\tentt r
.etc.


Overfull \hbox (22.4968pt too wide) in paragraph at lines 955--955
[]\tentt In addition, mere aggregation of another work not based on the Program
[] 

\hbox(6.11111+2.22223)x345.0
.\hbox(0.0+0.0)x0.0
.\tentt I
.\tentt n
.\penalty 10000
.\glue 5.24995
.etc.


Overfull \hbox (17.24684pt too wide) in paragraph at lines 955--955
[]\tentt with the Program (or with a work based on the Program) on a volume of[
] 

\hbox(6.94444+2.22223)x345.0
.\hbox(0.0+0.0)x0.0
.\tentt w
.\tentt i
.\tentt t
.\tentt h
.etc.


Overfull \hbox (11.99689pt too wide) in paragraph at lines 955--955
[]\tentt a storage or distribution medium does not bring the other work under[]
 

\hbox(6.11111+2.22223)x345.0
.\hbox(0.0+0.0)x0.0
.\tentt a
.\penalty 10000
.\glue 5.24995
.\tentt s
.etc.


Overfull \hbox (11.99689pt too wide) in paragraph at lines 955--955
[]  \tentt 3. You may copy and distribute the Program (or a work based on it,[]
 

\hbox(6.94444+2.22223)x345.0
.\hbox(0.0+0.0)x0.0
.\penalty 10000
.\glue 5.24995
.\penalty 10000
.\glue 5.24995
.etc.


Overfull \hbox (17.24684pt too wide) in paragraph at lines 955--955
[]\tentt under Section 2) in object code or executable form under the terms of[
] 

\hbox(6.94444+2.22223)x345.0
.\hbox(0.0+0.0)x0.0
.\tentt u
.\tentt n
.\tentt d
.\tentt e
.etc.


Overfull \hbox (22.4968pt too wide) in paragraph at lines 955--955
[]\tentt Sections 1 and 2 above provided that you also do one of the following:
[] 

\hbox(6.11111+2.22223)x345.0
.\hbox(0.0+0.0)x0.0
.\tentt S
.\tentt e
.\tentt c
.\tentt t
.etc.


Overfull \hbox (11.99689pt too wide) in paragraph at lines 955--955
[]    \tentt a) Accompany it with the complete corresponding machine-readable[]
 

\hbox(6.94444+2.22223)x345.0
.\hbox(0.0+0.0)x0.0
.\penalty 10000
.\glue 5.24995
.\penalty 10000
.\glue 5.24995
.etc.


Overfull \hbox (22.4968pt too wide) in paragraph at lines 955--955
[]    \tentt source code, which must be distributed under the terms of Sections
[] 

\hbox(6.11111+1.38887)x345.0
.\hbox(0.0+0.0)x0.0
.\penalty 10000
.\glue 5.24995
.\penalty 10000
.\glue 5.24995
.etc.


Overfull \hbox (53.99652pt too wide) in paragraph at lines 955--955
[]    \tentt 1 and 2 above on a medium customarily used for software interchang
e; or,[] 

\hbox(6.11111+2.22223)x345.0
.\hbox(0.0+0.0)x0.0
.\penalty 10000
.\glue 5.24995
.\penalty 10000
.\glue 5.24995
.etc.


Overfull \hbox (1.49698pt too wide) in paragraph at lines 955--955
[]    \tentt b) Accompany it with a written offer, valid for at least three[] 

\hbox(6.94444+2.22223)x345.0
.\hbox(0.0+0.0)x0.0
.\penalty 10000
.\glue 5.24995
.\penalty 10000
.\glue 5.24995
.etc.


Overfull \hbox (1.49698pt too wide) in paragraph at lines 955--955
[]    \tentt years, to give any third party, for a charge no more than your[] 

\hbox(6.11111+2.22223)x345.0
.\hbox(0.0+0.0)x0.0
.\penalty 10000
.\glue 5.24995
.\penalty 10000
.\glue 5.24995
.etc.

[32]
Overfull \hbox (17.24684pt too wide) in paragraph at lines 955--955
[]    \tentt distributed under the terms of Sections 1 and 2 above on a medium[
] 

\hbox(6.11111+0.0)x345.0
.\hbox(0.0+0.0)x0.0
.\penalty 10000
.\glue 5.24995
.\penalty 10000
.\glue 5.24995
.etc.


Overfull \hbox (17.24684pt too wide) in paragraph at lines 955--955
[]    \tentt c) Accompany it with the information you received as to the offer[
] 

\hbox(6.94444+2.22223)x345.0
.\hbox(0.0+0.0)x0.0
.\penalty 10000
.\glue 5.24995
.\penalty 10000
.\glue 5.24995
.etc.


Overfull \hbox (1.49698pt too wide) in paragraph at lines 955--955
[]    \tentt to distribute corresponding source code.  (This alternative is[] 

\hbox(6.94444+2.22223)x345.0
.\hbox(0.0+0.0)x0.0
.\penalty 10000
.\glue 5.24995
.\penalty 10000
.\glue 5.24995
.etc.


Overfull \hbox (11.99689pt too wide) in paragraph at lines 955--955
[]    \tentt received the program in object code or executable form with such[]
 

\hbox(6.11111+2.22223)x345.0
.\hbox(0.0+0.0)x0.0
.\penalty 10000
.\glue 5.24995
.\penalty 10000
.\glue 5.24995
.etc.


Overfull \hbox (6.74693pt too wide) in paragraph at lines 955--955
[]\tentt The source code for a work means the preferred form of the work for[] 


\hbox(6.11111+2.22223)x345.0
.\hbox(0.0+0.0)x0.0
.\tentt T
.\tentt h
.\tentt e
.\penalty 10000
.etc.


Overfull \hbox (11.99689pt too wide) in paragraph at lines 955--955
[]\tentt making modifications to it.  For an executable work, complete source[]
 

\hbox(6.11111+2.22223)x345.0
.\hbox(0.0+0.0)x0.0
.\tentt m
.\tentt a
.\tentt k
.\tentt i
.etc.


Overfull \hbox (11.99689pt too wide) in paragraph at lines 955--955
[]\tentt code means all the source code for all modules it contains, plus any[]
 

\hbox(6.11111+2.22223)x345.0
.\hbox(0.0+0.0)x0.0
.\tentt c
.\tentt o
.\tentt d
.\tentt e
.etc.


Overfull \hbox (22.4968pt too wide) in paragraph at lines 955--955
[]\tentt control compilation and installation of the executable.  However, as a
[] 

\hbox(6.11111+2.22223)x345.0
.\hbox(0.0+0.0)x0.0
.\tentt c
.\tentt o
.\tentt n
.\tentt t
.etc.


Overfull \hbox (11.99689pt too wide) in paragraph at lines 955--955
[]\tentt form) with the major components (compiler, kernel, and so on) of the[]
 

\hbox(6.94444+2.22223)x345.0
.\hbox(0.0+0.0)x0.0
.\tentt f
.\tentt o
.\tentt r
.\tentt m
.etc.


Overfull \hbox (11.99689pt too wide) in paragraph at lines 955--955
[]\tentt operating system on which the executable runs, unless that component[]
 

\hbox(6.11111+2.22223)x345.0
.\hbox(0.0+0.0)x0.0
.\tentt o
.\tentt p
.\tentt e
.\tentt r
.etc.


Overfull \hbox (1.49698pt too wide) in paragraph at lines 955--955
[]\tentt distribution of the source code, even though third parties are not[] 

\hbox(6.11111+2.22223)x345.0
.\hbox(0.0+0.0)x0.0
.\tentt d
.\tentt i
.\tentt s
.\tentt t
.etc.


Overfull \hbox (11.99689pt too wide) in paragraph at lines 955--955
[]  \tentt 4. You may not copy, modify, sublicense, or distribute the Program[]
 

\hbox(6.11111+2.22223)x345.0
.\hbox(0.0+0.0)x0.0
.\penalty 10000
.\glue 5.24995
.\penalty 10000
.\glue 5.24995
.etc.


Overfull \hbox (1.49698pt too wide) in paragraph at lines 955--955
[]\tentt otherwise to copy, modify, sublicense or distribute the Program is[] 

\hbox(6.11111+2.22223)x345.0
.\hbox(0.0+0.0)x0.0
.\tentt o
.\tentt t
.\tentt h
.\tentt e
.etc.


Overfull \hbox (22.4968pt too wide) in paragraph at lines 955--955
[]\tentt void, and will automatically terminate your rights under this License.
[] 

\hbox(6.11111+2.22223)x345.0
.\hbox(0.0+0.0)x0.0
.\tentt v
.\tentt o
.\tentt i
.\tentt d
.etc.


Overfull \hbox (11.99689pt too wide) in paragraph at lines 955--955
[]\tentt However, parties who have received copies, or rights, from you under[]
 

\hbox(6.11111+2.22223)x345.0
.\hbox(0.0+0.0)x0.0
.\tentt H
.\tentt o
.\tentt w
.\tentt e
.etc.


Overfull \hbox (11.99689pt too wide) in paragraph at lines 955--955
[]\tentt this License will not have their licenses terminated so long as such[]
 

\hbox(6.11111+2.22223)x345.0
.\hbox(0.0+0.0)x0.0
.\tentt t
.\tentt h
.\tentt i
.\tentt s
.etc.


Overfull \hbox (11.99689pt too wide) in paragraph at lines 955--955
[]  \tentt 5. You are not required to accept this License, since you have not[]
 

\hbox(6.11111+2.22223)x345.0
.\hbox(0.0+0.0)x0.0
.\penalty 10000
.\glue 5.24995
.\penalty 10000
.\glue 5.24995
.etc.


Overfull \hbox (11.99689pt too wide) in paragraph at lines 955--955
[]\tentt signed it.  However, nothing else grants you permission to modify or[]
 

\hbox(6.11111+2.22223)x345.0
.\hbox(0.0+0.0)x0.0
.\tentt s
.\tentt i
.\tentt g
.\tentt n
.etc.


Overfull \hbox (1.49698pt too wide) in paragraph at lines 955--955
[]\tentt distribute the Program or its derivative works.  These actions are[] 

\hbox(6.11111+2.22223)x345.0
.\hbox(0.0+0.0)x0.0
.\tentt d
.\tentt i
.\tentt s
.\tentt t
.etc.


Overfull \hbox (6.74693pt too wide) in paragraph at lines 955--955
[]\tentt prohibited by law if you do not accept this License.  Therefore, by[] 


\hbox(6.11111+2.22223)x345.0
.\hbox(0.0+0.0)x0.0
.\tentt p
.\tentt r
.\tentt o
.\tentt h
.etc.


Overfull \hbox (11.99689pt too wide) in paragraph at lines 955--955
[]\tentt Program), you indicate your acceptance of this License to do so, and[]
 

\hbox(6.94444+2.22223)x345.0
.\hbox(0.0+0.0)x0.0
.\tentt P
.\tentt r
.\tentt o
.\tentt g
.etc.


Overfull \hbox (6.74693pt too wide) in paragraph at lines 955--955
[]\tentt all its terms and conditions for copying, distributing or modifying[] 


\hbox(6.11111+2.22223)x345.0
.\hbox(0.0+0.0)x0.0
.\tentt a
.\tentt l
.\tentt l
.\penalty 10000
.etc.

[33]
Overfull \hbox (17.24684pt too wide) in paragraph at lines 955--955
[]  \tentt 6. Each time you redistribute the Program (or any work based on the[
] 

\hbox(6.94444+2.22223)x345.0
.\hbox(0.0+0.0)x0.0
.\penalty 10000
.\glue 5.24995
.\penalty 10000
.\glue 5.24995
.etc.


Overfull \hbox (22.4968pt too wide) in paragraph at lines 955--955
[]\tentt original licensor to copy, distribute or modify the Program subject to
[] 

\hbox(6.11111+2.22223)x345.0
.\hbox(0.0+0.0)x0.0
.\tentt o
.\tentt r
.\tentt i
.\tentt g
.etc.


Overfull \hbox (22.4968pt too wide) in paragraph at lines 955--955
[]\tentt restrictions on the recipients' exercise of the rights granted herein.
[] 

\hbox(6.11111+2.22223)x345.0
.\hbox(0.0+0.0)x0.0
.\tentt r
.\tentt e
.\tentt s
.\tentt t
.etc.


Overfull \hbox (11.99689pt too wide) in paragraph at lines 955--955
[]\tentt You are not responsible for enforcing compliance by third parties to[]
 

\hbox(6.11111+2.22223)x345.0
.\hbox(0.0+0.0)x0.0
.\tentt Y
.\tentt o
.\tentt u
.\penalty 10000
.etc.


Overfull \hbox (17.24684pt too wide) in paragraph at lines 955--955
[]  \tentt 7. If, as a consequence of a court judgment or allegation of patent[
] 

\hbox(6.11111+2.22223)x345.0
.\hbox(0.0+0.0)x0.0
.\penalty 10000
.\glue 5.24995
.\penalty 10000
.\glue 5.24995
.etc.


Overfull \hbox (11.99689pt too wide) in paragraph at lines 955--955
[]\tentt infringement or for any other reason (not limited to patent issues),[]
 

\hbox(6.94444+2.22223)x345.0
.\hbox(0.0+0.0)x0.0
.\tentt i
.\tentt n
.\tentt f
.\tentt r
.etc.


Overfull \hbox (6.74693pt too wide) in paragraph at lines 955--955
[]\tentt conditions are imposed on you (whether by court order, agreement or[] 


\hbox(6.94444+2.22223)x345.0
.\hbox(0.0+0.0)x0.0
.\tentt c
.\tentt o
.\tentt n
.\tentt d
.etc.


Overfull \hbox (22.4968pt too wide) in paragraph at lines 955--955
[]\tentt otherwise) that contradict the conditions of this License, they do not
[] 

\hbox(6.94444+2.22223)x345.0
.\hbox(0.0+0.0)x0.0
.\tentt o
.\tentt t
.\tentt h
.\tentt e
.etc.


Overfull \hbox (22.4968pt too wide) in paragraph at lines 955--955
[]\tentt distribute so as to satisfy simultaneously your obligations under this
[] 

\hbox(6.11111+2.22223)x345.0
.\hbox(0.0+0.0)x0.0
.\tentt d
.\tentt i
.\tentt s
.\tentt t
.etc.


Overfull \hbox (22.4968pt too wide) in paragraph at lines 955--955
[]\tentt License and any other pertinent obligations, then as a consequence you
[] 

\hbox(6.11111+2.22223)x345.0
.\hbox(0.0+0.0)x0.0
.\tentt L
.\tentt i
.\tentt c
.\tentt e
.etc.


Overfull \hbox (22.4968pt too wide) in paragraph at lines 955--955
[]\tentt license would not permit royalty-free redistribution of the Program by
[] 

\hbox(6.11111+2.22223)x345.0
.\hbox(0.0+0.0)x0.0
.\tentt l
.\tentt i
.\tentt c
.\tentt e
.etc.


Overfull \hbox (17.24684pt too wide) in paragraph at lines 955--955
[]\tentt all those who receive copies directly or indirectly through you, then[
] 

\hbox(6.11111+2.22223)x345.0
.\hbox(0.0+0.0)x0.0
.\tentt a
.\tentt l
.\tentt l
.\penalty 10000
.etc.


Overfull \hbox (6.74693pt too wide) in paragraph at lines 955--955
[]\tentt the only way you could satisfy both it and this License would be to[] 


\hbox(6.11111+2.22223)x345.0
.\hbox(0.0+0.0)x0.0
.\tentt t
.\tentt h
.\tentt e
.\penalty 10000
.etc.


Overfull \hbox (17.24684pt too wide) in paragraph at lines 955--955
[]\tentt If any portion of this section is held invalid or unenforceable under[
] 

\hbox(6.11111+2.22223)x345.0
.\hbox(0.0+0.0)x0.0
.\tentt I
.\tentt f
.\penalty 10000
.\glue 5.24995
.etc.


Overfull \hbox (22.4968pt too wide) in paragraph at lines 955--955
[]\tentt any particular circumstance, the balance of the section is intended to
[] 

\hbox(6.11111+2.22223)x345.0
.\hbox(0.0+0.0)x0.0
.\tentt a
.\tentt n
.\tentt y
.\penalty 10000
.etc.


Overfull \hbox (6.74693pt too wide) in paragraph at lines 955--955
[]\tentt It is not the purpose of this section to induce you to infringe any[] 


\hbox(6.11111+2.22223)x345.0
.\hbox(0.0+0.0)x0.0
.\tentt I
.\tentt t
.\penalty 10000
.\glue 5.24995
.etc.


Overfull \hbox (11.99689pt too wide) in paragraph at lines 955--955
[]\tentt patents or other property right claims or to contest validity of any[]
 

\hbox(6.11111+2.22223)x345.0
.\hbox(0.0+0.0)x0.0
.\tentt p
.\tentt a
.\tentt t
.\tentt e
.etc.


Overfull \hbox (22.4968pt too wide) in paragraph at lines 955--955
[]\tentt system; it is up to the author/donor to decide if he or she is willing
[] 

\hbox(6.94444+2.22223)x345.0
.\hbox(0.0+0.0)x0.0
.\tentt s
.\tentt y
.\tentt s
.\tentt t
.etc.


Overfull \hbox (17.24684pt too wide) in paragraph at lines 955--955
[]\tentt to distribute software through any other system and a licensee cannot[
] 

\hbox(6.11111+2.22223)x345.0
.\hbox(0.0+0.0)x0.0
.\tentt t
.\tentt o
.\penalty 10000
.\glue 5.24995
.etc.


Overfull \hbox (17.24684pt too wide) in paragraph at lines 955--955
[]\tentt This section is intended to make thoroughly clear what is believed to[
] 

\hbox(6.11111+2.22223)x345.0
.\hbox(0.0+0.0)x0.0
.\tentt T
.\tentt h
.\tentt i
.\tentt s
.etc.


Overfull \hbox (6.74693pt too wide) in paragraph at lines 955--955
[]  \tentt 8. If the distribution and/or use of the Program is restricted in[] 


\hbox(6.94444+2.22223)x345.0
.\hbox(0.0+0.0)x0.0
.\penalty 10000
.\glue 5.24995
.\penalty 10000
.\glue 5.24995
.etc.


Overfull \hbox (17.24684pt too wide) in paragraph at lines 955--955
[]\tentt certain countries either by patents or by copyrighted interfaces, the[
] 

\hbox(6.11111+2.22223)x345.0
.\hbox(0.0+0.0)x0.0
.\tentt c
.\tentt e
.\tentt r
.\tentt t
.etc.


Overfull \hbox (6.74693pt too wide) in paragraph at lines 955--955
[]\tentt original copyright holder who places the Program under this License[] 


\hbox(6.11111+2.22223)x345.0
.\hbox(0.0+0.0)x0.0
.\tentt o
.\tentt r
.\tentt i
.\tentt g
.etc.


Overfull \hbox (1.49698pt too wide) in paragraph at lines 955--955
[]\tentt may add an explicit geographical distribution limitation excluding[] 

\hbox(6.11111+2.22223)x345.0
.\hbox(0.0+0.0)x0.0
.\tentt m
.\tentt a
.\tentt y
.\penalty 10000
.etc.

[34]
Overfull \hbox (6.74693pt too wide) in paragraph at lines 955--955
[]\tentt those countries, so that distribution is permitted only in or among[] 


\hbox(6.11111+2.22223)x345.0
.\hbox(0.0+0.0)x0.0
.\tentt t
.\tentt h
.\tentt o
.\tentt s
.etc.


Overfull \hbox (17.24684pt too wide) in paragraph at lines 955--955
[]\tentt countries not thus excluded.  In such case, this License incorporates[
] 

\hbox(6.11111+2.22223)x345.0
.\hbox(0.0+0.0)x0.0
.\tentt c
.\tentt o
.\tentt u
.\tentt n
.etc.


Overfull \hbox (38.24666pt too wide) in paragraph at lines 955--955
[]  \tentt 9. The Free Software Foundation may publish revised and/or new versi
ons[] 

\hbox(6.94444+2.22223)x345.0
.\hbox(0.0+0.0)x0.0
.\penalty 10000
.\glue 5.24995
.\penalty 10000
.\glue 5.24995
.etc.


Overfull \hbox (32.9967pt too wide) in paragraph at lines 955--955
[]\tentt of the General Public License from time to time.  Such new versions wi
ll[] 

\hbox(6.11111+0.0)x345.0
.\hbox(0.0+0.0)x0.0
.\tentt o
.\tentt f
.\penalty 10000
.\glue 5.24995
.etc.


Overfull \hbox (32.9967pt too wide) in paragraph at lines 955--955
[]\tentt be similar in spirit to the present version, but may differ in detail 
to[] 

\hbox(6.11111+2.22223)x345.0
.\hbox(0.0+0.0)x0.0
.\tentt b
.\tentt e
.\penalty 10000
.\glue 5.24995
.etc.


Overfull \hbox (22.4968pt too wide) in paragraph at lines 955--955
[]\tentt Each version is given a distinguishing version number.  If the Program
[] 

\hbox(6.11111+2.22223)x345.0
.\hbox(0.0+0.0)x0.0
.\tentt E
.\tentt a
.\tentt c
.\tentt h
.etc.


Overfull \hbox (27.74675pt too wide) in paragraph at lines 955--955
[]\tentt specifies a version number of this License which applies to it and "an
y[] 

\hbox(6.11111+2.22223)x345.0
.\hbox(0.0+0.0)x0.0
.\tentt s
.\tentt p
.\tentt e
.\tentt c
.etc.


Overfull \hbox (38.24666pt too wide) in paragraph at lines 955--955
[]\tentt later version", you have the option of following the terms and conditi
ons[] 

\hbox(6.11111+2.22223)x345.0
.\hbox(0.0+0.0)x0.0
.\tentt l
.\tentt a
.\tentt t
.\tentt e
.etc.


Overfull \hbox (11.99689pt too wide) in paragraph at lines 955--955
[]\tentt either of that version or of any later version published by the Free[]
 

\hbox(6.11111+2.22223)x345.0
.\hbox(0.0+0.0)x0.0
.\tentt e
.\tentt i
.\tentt t
.\tentt h
.etc.


Overfull \hbox (38.24666pt too wide) in paragraph at lines 955--955
[]\tentt Software Foundation.  If the Program does not specify a version number
 of[] 

\hbox(6.11111+2.22223)x345.0
.\hbox(0.0+0.0)x0.0
.\tentt S
.\tentt o
.\tentt f
.\tentt t
.etc.


Overfull \hbox (53.99652pt too wide) in paragraph at lines 955--955
[]\tentt this License, you may choose any version ever published by the Free So
ftware[] 

\hbox(6.11111+2.22223)x345.0
.\hbox(0.0+0.0)x0.0
.\tentt t
.\tentt h
.\tentt i
.\tentt s
.etc.


Overfull \hbox (17.24684pt too wide) in paragraph at lines 955--955
[]  \tentt 10. If you wish to incorporate parts of the Program into other free[
] 

\hbox(6.11111+2.22223)x345.0
.\hbox(0.0+0.0)x0.0
.\penalty 10000
.\glue 5.24995
.\penalty 10000
.\glue 5.24995
.etc.


Overfull \hbox (38.24666pt too wide) in paragraph at lines 955--955
[]\tentt programs whose distribution conditions are different, write to the aut
hor[] 

\hbox(6.11111+2.22223)x345.0
.\hbox(0.0+0.0)x0.0
.\tentt p
.\tentt r
.\tentt o
.\tentt g
.etc.


Overfull \hbox (17.24684pt too wide) in paragraph at lines 955--955
[]\tentt to ask for permission.  For software which is copyrighted by the Free[
] 

\hbox(6.11111+2.22223)x345.0
.\hbox(0.0+0.0)x0.0
.\tentt t
.\tentt o
.\penalty 10000
.\glue 5.24995
.etc.


Overfull \hbox (32.9967pt too wide) in paragraph at lines 955--955
[]\tentt Software Foundation, write to the Free Software Foundation; we sometim
es[] 

\hbox(6.11111+1.38887)x345.0
.\hbox(0.0+0.0)x0.0
.\tentt S
.\tentt o
.\tentt f
.\tentt t
.etc.


Overfull \hbox (27.74675pt too wide) in paragraph at lines 955--955
[]\tentt make exceptions for this.  Our decision will be guided by the two goal
s[] 

\hbox(6.11111+2.22223)x345.0
.\hbox(0.0+0.0)x0.0
.\tentt m
.\tentt a
.\tentt k
.\tentt e
.etc.


Overfull \hbox (38.24666pt too wide) in paragraph at lines 955--955
[]\tentt of preserving the free status of all derivatives of our free software 
and[] 

\hbox(6.11111+2.22223)x345.0
.\hbox(0.0+0.0)x0.0
.\tentt o
.\tentt f
.\penalty 10000
.\glue 5.24995
.etc.


Overfull \hbox (43.49661pt too wide) in paragraph at lines 955--955
[]  \tentt 11. BECAUSE THE PROGRAM IS LICENSED FREE OF CHARGE, THERE IS NO WARR
ANTY[] 

\hbox(6.11111+1.38887)x345.0
.\hbox(0.0+0.0)x0.0
.\penalty 10000
.\glue 5.24995
.\penalty 10000
.\glue 5.24995
.etc.


Overfull \hbox (32.9967pt too wide) in paragraph at lines 955--955
[]\tentt FOR THE PROGRAM, TO THE EXTENT PERMITTED BY APPLICABLE LAW.  EXCEPT WH
EN[] 

\hbox(6.11111+1.38887)x345.0
.\hbox(0.0+0.0)x0.0
.\tentt F
.\tentt O
.\tentt R
.\penalty 10000
.etc.


Overfull \hbox (22.4968pt too wide) in paragraph at lines 955--955
[]\tentt OTHERWISE STATED IN WRITING THE COPYRIGHT HOLDERS AND/OR OTHER PARTIES
[] 

\hbox(6.94444+0.8333)x345.0
.\hbox(0.0+0.0)x0.0
.\tentt O
.\tentt T
.\tentt H
.\tentt E
.etc.


Overfull \hbox (43.49661pt too wide) in paragraph at lines 955--955
[]\tentt PROVIDE THE PROGRAM "AS IS" WITHOUT WARRANTY OF ANY KIND, EITHER EXPRE
SSED[] 

\hbox(6.11111+1.38887)x345.0
.\hbox(0.0+0.0)x0.0
.\tentt P
.\tentt R
.\tentt O
.\tentt V
.etc.


Overfull \hbox (11.99689pt too wide) in paragraph at lines 955--955
[]\tentt OR IMPLIED, INCLUDING, BUT NOT LIMITED TO, THE IMPLIED WARRANTIES OF[]
 

\hbox(6.11111+1.38887)x345.0
.\hbox(0.0+0.0)x0.0
.\tentt O
.\tentt R
.\penalty 10000
.\glue 5.24995
.etc.


Overfull \hbox (38.24666pt too wide) in paragraph at lines 955--955
[]\tentt MERCHANTABILITY AND FITNESS FOR A PARTICULAR PURPOSE.  THE ENTIRE RISK
 AS[] 

\hbox(6.11111+0.0)x345.0
.\hbox(0.0+0.0)x0.0
.\tentt M
.\tentt E
.\tentt R
.\tentt C
.etc.


Overfull \hbox (22.4968pt too wide) in paragraph at lines 955--955
[]\tentt TO THE QUALITY AND PERFORMANCE OF THE PROGRAM IS WITH YOU.  SHOULD THE
[] 

\hbox(6.11111+1.38887)x345.0
.\hbox(0.0+0.0)x0.0
.\tentt T
.\tentt O
.\penalty 10000
.\glue 5.24995
.etc.


Overfull \hbox (32.9967pt too wide) in paragraph at lines 955--955
[]\tentt PROGRAM PROVE DEFECTIVE, YOU ASSUME THE COST OF ALL NECESSARY SERVICIN
G,[] 

\hbox(6.11111+1.38887)x345.0
.\hbox(0.0+0.0)x0.0
.\tentt P
.\tentt R
.\tentt O
.\tentt G
.etc.


Overfull \hbox (48.74657pt too wide) in paragraph at lines 955--955
[]  \tentt 12. IN NO EVENT UNLESS REQUIRED BY APPLICABLE LAW OR AGREED TO IN WR
ITING[] 

\hbox(6.11111+1.38887)x345.0
.\hbox(0.0+0.0)x0.0
.\penalty 10000
.\glue 5.24995
.\penalty 10000
.\glue 5.24995
.etc.


Overfull \hbox (6.74693pt too wide) in paragraph at lines 955--955
[]\tentt WILL ANY COPYRIGHT HOLDER, OR ANY OTHER PARTY WHO MAY MODIFY AND/OR[] 


\hbox(6.94444+1.38887)x345.0
.\hbox(0.0+0.0)x0.0
.\tentt W
.\tentt I
.\tentt L
.\tentt L
.etc.


Overfull \hbox (43.49661pt too wide) in paragraph at lines 955--955
[]\tentt REDISTRIBUTE THE PROGRAM AS PERMITTED ABOVE, BE LIABLE TO YOU FOR DAMA
GES,[] 

\hbox(6.11111+1.38887)x345.0
.\hbox(0.0+0.0)x0.0
.\tentt R
.\tentt E
.\tentt D
.\tentt I
.etc.


Overfull \hbox (48.74657pt too wide) in paragraph at lines 955--955
[]\tentt INCLUDING ANY GENERAL, SPECIAL, INCIDENTAL OR CONSEQUENTIAL DAMAGES AR
ISING[] 

\hbox(6.11111+1.38887)x345.0
.\hbox(0.0+0.0)x0.0
.\tentt I
.\tentt N
.\tentt C
.\tentt L
.etc.


Overfull \hbox (38.24666pt too wide) in paragraph at lines 955--955
[]\tentt OUT OF THE USE OR INABILITY TO USE THE PROGRAM (INCLUDING BUT NOT LIMI
TED[] 

\hbox(6.94444+0.8333)x345.0
.\hbox(0.0+0.0)x0.0
.\tentt O
.\tentt U
.\tentt T
.\penalty 10000
.etc.


Overfull \hbox (32.9967pt too wide) in paragraph at lines 955--955
[]\tentt TO LOSS OF DATA OR DATA BEING RENDERED INACCURATE OR LOSSES SUSTAINED 
BY[] 

\hbox(6.11111+0.0)x345.0
.\hbox(0.0+0.0)x0.0
.\tentt T
.\tentt O
.\penalty 10000
.\glue 5.24995
.etc.


Overfull \hbox (43.49661pt too wide) in paragraph at lines 955--955
[]\tentt YOU OR THIRD PARTIES OR A FAILURE OF THE PROGRAM TO OPERATE WITH ANY O
THER[] 

\hbox(6.11111+0.0)x345.0
.\hbox(0.0+0.0)x0.0
.\tentt Y
.\tentt O
.\tentt U
.\penalty 10000
.etc.

[35]
Overfull \hbox (17.24684pt too wide) in paragraph at lines 955--955
[]\tentt PROGRAMS), EVEN IF SUCH HOLDER OR OTHER PARTY HAS BEEN ADVISED OF THE[
] 

\hbox(6.94444+1.38887)x345.0
.\hbox(0.0+0.0)x0.0
.\tentt P
.\tentt R
.\tentt O
.\tentt G
.etc.

[36]
Overfull \hbox (17.24684pt too wide) in paragraph at lines 1016--1016
[] []  \tentt If you develop a new program, and you want it to be of the greate
st[] 

\hbox(6.11111+2.22223)x345.0
.\hbox(0.0+0.0)x0.0
.\glue 0.0
.\hbox(0.0+0.0)x0.0
..\glue 0.0
..\glue 0.0
..\glue -5.0
..\hbox(0.0+0.0)x0.0
..\glue 5.0
.\penalty 0
.\penalty 10000
.etc.


Overfull \hbox (22.4968pt too wide) in paragraph at lines 1016--1016
[]\tentt possible use to the public, the best way to achieve this is to make it
[] 

\hbox(6.11111+2.22223)x345.0
.\hbox(0.0+0.0)x0.0
.\tentt p
.\tentt o
.\tentt s
.\tentt s
.etc.


Overfull \hbox (48.74657pt too wide) in paragraph at lines 1016--1016
[]\tentt free software which everyone can redistribute and change under these t
erms.[] 

\hbox(6.11111+2.22223)x345.0
.\hbox(0.0+0.0)x0.0
.\tentt f
.\tentt r
.\tentt e
.\tentt e
.etc.


Overfull \hbox (22.4968pt too wide) in paragraph at lines 1016--1016
[]  \tentt To do so, attach the following notices to the program.  It is safest
[] 

\hbox(6.11111+2.22223)x345.0
.\hbox(0.0+0.0)x0.0
.\penalty 10000
.\glue 5.24995
.\penalty 10000
.\glue 5.24995
.etc.


Overfull \hbox (6.74693pt too wide) in paragraph at lines 1016--1016
[]\tentt to attach them to the start of each source file to most effectively[] 


\hbox(6.11111+2.22223)x345.0
.\hbox(0.0+0.0)x0.0
.\tentt t
.\tentt o
.\penalty 10000
.\glue 5.24995
.etc.


Overfull \hbox (11.99689pt too wide) in paragraph at lines 1016--1016
[]\tentt convey the exclusion of warranty; and each file should have at least[]
 

\hbox(6.11111+2.22223)x345.0
.\hbox(0.0+0.0)x0.0
.\tentt c
.\tentt o
.\tentt n
.\tentt v
.etc.


Overfull \hbox (17.24684pt too wide) in paragraph at lines 1016--1016
[]\tentt the "copyright" line and a pointer to where the full notice is found.[
] 

\hbox(6.11111+2.22223)x345.0
.\hbox(0.0+0.0)x0.0
.\tentt t
.\tentt h
.\tentt e
.\penalty 10000
.etc.


Overfull \hbox (48.74657pt too wide) in paragraph at lines 1016--1016
[]    \tentt <one line to give the program's name and a brief idea of what it d
oes.>[] 

\hbox(6.11111+2.22223)x345.0
.\hbox(0.0+0.0)x0.0
.\penalty 10000
.\glue 5.24995
.\penalty 10000
.\glue 5.24995
.etc.


Overfull \hbox (32.9967pt too wide) in paragraph at lines 1016--1016
[]    \tentt This program is free software; you can redistribute it and/or modi
fy[] 

\hbox(6.94444+2.22223)x345.0
.\hbox(0.0+0.0)x0.0
.\penalty 10000
.\glue 5.24995
.\penalty 10000
.\glue 5.24995
.etc.


Overfull \hbox (32.9967pt too wide) in paragraph at lines 1016--1016
[]    \tentt it under the terms of the GNU General Public License as published 
by[] 

\hbox(6.11111+2.22223)x345.0
.\hbox(0.0+0.0)x0.0
.\penalty 10000
.\glue 5.24995
.\penalty 10000
.\glue 5.24995
.etc.


Overfull \hbox (17.24684pt too wide) in paragraph at lines 1016--1016
[]    \tentt the Free Software Foundation; either version 2 of the License, or[
] 

\hbox(6.11111+1.38887)x345.0
.\hbox(0.0+0.0)x0.0
.\penalty 10000
.\glue 5.24995
.\penalty 10000
.\glue 5.24995
.etc.


Overfull \hbox (6.74693pt too wide) in paragraph at lines 1016--1016
[]    \tentt This program is distributed in the hope that it will be useful,[] 


\hbox(6.11111+2.22223)x345.0
.\hbox(0.0+0.0)x0.0
.\penalty 10000
.\glue 5.24995
.\penalty 10000
.\glue 5.24995
.etc.


Overfull \hbox (1.49698pt too wide) in paragraph at lines 1016--1016
[]    \tentt but WITHOUT ANY WARRANTY; without even the implied warranty of[] 

\hbox(6.11111+2.22223)x345.0
.\hbox(0.0+0.0)x0.0
.\penalty 10000
.\glue 5.24995
.\penalty 10000
.\glue 5.24995
.etc.


Overfull \hbox (17.24684pt too wide) in paragraph at lines 1016--1016
[]    \tentt You should have received a copy of the GNU General Public License[
] 

\hbox(6.11111+2.22223)x345.0
.\hbox(0.0+0.0)x0.0
.\penalty 10000
.\glue 5.24995
.\penalty 10000
.\glue 5.24995
.etc.


Overfull \hbox (32.9967pt too wide) in paragraph at lines 1016--1016
[]\tentt Also add information on how to contact you by electronic and paper mai
l.[] 

\hbox(6.11111+2.22223)x345.0
.\hbox(0.0+0.0)x0.0
.\tentt A
.\tentt l
.\tentt s
.\tentt o
.etc.


Overfull \hbox (22.4968pt too wide) in paragraph at lines 1016--1016
[]\tentt If the program is interactive, make it output a short notice like this
[] 

\hbox(6.11111+2.22223)x345.0
.\hbox(0.0+0.0)x0.0
.\tentt I
.\tentt f
.\penalty 10000
.\glue 5.24995
.etc.


Overfull \hbox (59.24648pt too wide) in paragraph at lines 1016--1016
[]    \tentt Gnomovision comes with ABSOLUTELY NO WARRANTY; for details type `s
how w'.[] 

\hbox(6.11111+2.22223)x345.0
.\hbox(0.0+0.0)x0.0
.\penalty 10000
.\glue 5.24995
.\penalty 10000
.\glue 5.24995
.etc.


Overfull \hbox (48.74657pt too wide) in paragraph at lines 1016--1016
[]\tentt The hypothetical commands `show w' and `show c' should show the approp
riate[] 

\hbox(6.11111+2.22223)x345.0
.\hbox(0.0+0.0)x0.0
.\tentt T
.\tentt h
.\tentt e
.\penalty 10000
.etc.


Overfull \hbox (38.24666pt too wide) in paragraph at lines 1016--1016
[]\tentt parts of the General Public License.  Of course, the commands you use 
may[] 

\hbox(6.11111+2.22223)x345.0
.\hbox(0.0+0.0)x0.0
.\tentt p
.\tentt a
.\tentt r
.\tentt t
.etc.


Overfull \hbox (32.9967pt too wide) in paragraph at lines 1016--1016
[]\tentt be called something other than `show w' and `show c'; they could even 
be[] 

\hbox(6.11111+2.22223)x345.0
.\hbox(0.0+0.0)x0.0
.\tentt b
.\tentt e
.\penalty 10000
.\glue 5.24995
.etc.

[37]
Overfull \hbox (27.74675pt too wide) in paragraph at lines 1016--1016
[]\tentt You should also get your employer (if you work as a programmer) or you
r[] 

\hbox(6.94444+2.22223)x345.0
.\hbox(0.0+0.0)x0.0
.\tentt Y
.\tentt o
.\tentt u
.\penalty 10000
.etc.


Overfull \hbox (11.99689pt too wide) in paragraph at lines 1016--1016
[]\tentt school, if any, to sign a "copyright disclaimer" for the program, if[]
 

\hbox(6.11111+2.22223)x345.0
.\hbox(0.0+0.0)x0.0
.\tentt s
.\tentt c
.\tentt h
.\tentt o
.etc.


Overfull \hbox (32.9967pt too wide) in paragraph at lines 1016--1016
[]  \tentt Yoyodyne, Inc., hereby disclaims all copyright interest in the progr
am[] 

\hbox(6.11111+2.22223)x345.0
.\hbox(0.0+0.0)x0.0
.\penalty 10000
.\glue 5.24995
.\penalty 10000
.\glue 5.24995
.etc.


Overfull \hbox (43.49661pt too wide) in paragraph at lines 1016--1016
[]  \tentt `Gnomovision' (which makes passes at compilers) written by James Hac
ker.[] 

\hbox(6.94444+2.22223)x345.0
.\hbox(0.0+0.0)x0.0
.\penalty 10000
.\glue 5.24995
.\penalty 10000
.\glue 5.24995
.etc.


Overfull \hbox (48.74657pt too wide) in paragraph at lines 1016--1016
[]\tentt This General Public License does not permit incorporating your program
 into[] 

\hbox(6.11111+2.22223)x345.0
.\hbox(0.0+0.0)x0.0
.\tentt T
.\tentt h
.\tentt i
.\tentt s
.etc.


Overfull \hbox (27.74675pt too wide) in paragraph at lines 1016--1016
[]\tentt proprietary programs.  If your program is a subroutine library, you ma
y[] 

\hbox(6.11111+2.22223)x345.0
.\hbox(0.0+0.0)x0.0
.\tentt p
.\tentt r
.\tentt o
.\tentt p
.etc.


Overfull \hbox (48.74657pt too wide) in paragraph at lines 1016--1016
[]\tentt consider it more useful to permit linking proprietary applications wit
h the[] 

\hbox(6.11111+2.22223)x345.0
.\hbox(0.0+0.0)x0.0
.\tentt c
.\tentt o
.\tentt n
.\tentt s
.etc.


Overfull \hbox (17.24684pt too wide) in paragraph at lines 1016--1016
[]\tentt library.  If this is what you want to do, use the GNU Library General[
] 

\hbox(6.11111+2.22223)x345.0
.\hbox(0.0+0.0)x0.0
.\tentt l
.\tentt i
.\tentt b
.\tentt r
.etc.

[38] (apex_man.aux) ) 
Here is how much of TeX's memory you used:
 182 strings out of 4463
 1787 string characters out of 63209
 45291 words of memory out of 262141
 2118 multiletter control sequences out of 9500
 20486 words of font info for 77 fonts, out of 72000 for 255
 14 hyphenation exceptions out of 607
 15i,6n,17p,565b,243s stack positions out of 300i,40n,60p,3000b,4000s

Output written on apex_man.dvi (42 pages, 92316 bytes).
