\begindata{arbiter,269114004}
\V 2
\begindata{lset,269061924}
\V 1
\begindata{cel,269061720}
\V 2
\begindata{lset,269063500}
\V 1
\begindata{lset,269128068}
\V 1
\begindata{lset,269063300}
\V 1
\begindata{lset,269127868}
\V 1
\begindata{cel,269063180}
\V 2
\begindata{value,269127800}
\enddata{value,269127800}
10 269127800 0 0 0 0 
>OBJ< value
>VIEW< pianoV
>REF< kb-0
\enddata{cel,269063180}
0 0 5 269063180 0 0 0
>OBJ< cel
>VIEW< celview
>REF< 
\enddata{lset,269127868}
\begindata{lset,269081828}
\V 1
\begindata{cel,269081728}
\V 2
\begindata{value,269048604}
\enddata{value,269048604}
10 269048604 0 0 0 0 
>OBJ< value
>VIEW< pianoV
>REF< kb-1
\enddata{cel,269081728}
0 0 5 269081728 0 0 0
>OBJ< cel
>VIEW< celview
>REF< 
\enddata{lset,269081828}
1 51 0 0 269127868 269081828 0
>OBJ< 
>VIEW< 
>REF< 
\enddata{lset,269063300}
\begindata{lset,269127552}
\V 1
\begindata{lset,269081468}
\V 1
\begindata{cel,269081368}
\V 2
\begindata{value,269081300}
\enddata{value,269081300}
10 269081300 0 0 0 0 
>OBJ< value
>VIEW< pianoV
>REF< kb-2
\enddata{cel,269081368}
0 0 5 269081368 0 0 0
>OBJ< cel
>VIEW< celview
>REF< 
\enddata{lset,269081468}
\begindata{lset,269081100}
\V 1
\begindata{cel,269081000}
\V 2
\begindata{value,269080932}
\enddata{value,269080932}
10 269080932 0 0 0 0 
>OBJ< value
>VIEW< pianoV
>REF< kb-3
\enddata{cel,269081000}
0 0 5 269081000 0 0 0
>OBJ< cel
>VIEW< celview
>REF< 
\enddata{lset,269081100}
1 53 0 0 269081468 269081100 0
>OBJ< 
>VIEW< 
>REF< 
\enddata{lset,269127552}
1 54 0 0 269063300 269127552 0
>OBJ< 
>VIEW< 
>REF< 
\enddata{lset,269128068}
\begindata{lset,269080732}
\V 1
\begindata{lset,269080532}
\V 1
\begindata{lset,269080332}
\V 1
\begindata{cel,269080232}
\V 2
\begindata{value,269080164}
\enddata{value,269080164}
10 269080164 1 0 0 0 
>OBJ< value
>VIEW< buttonV
>REF< Read
\begindata{text, 269080072}
\textdsversion{12}
[string] <label> (Read)

\enddata{text,269080072}
\enddata{cel,269080232}
0 0 5 269080232 0 0 0
>OBJ< cel
>VIEW< celview
>REF< 
\enddata{lset,269080332}
\begindata{lset,269060440}
\V 1
\begindata{lset,269127016}
\V 1
\begindata{lset,269079700}
\V 1
\begindata{lset,269126792}
\V 1
\begindata{cel,269126692}
\V 2
\begindata{value,269126624}
\enddata{value,269126624}
10 269126624 1 0 0 0 
>OBJ< value
>VIEW< buttonV
>REF< rest
\begindata{text, 269126532}
\textdsversion{12}
[string] <label> (Rest)

\enddata{text,269126532}
\enddata{cel,269126692}
0 0 5 269126692 0 0 0
>OBJ< cel
>VIEW< celview
>REF< 
\enddata{lset,269126792}
\begindata{lset,269126220}
\V 1
0 0 0 0 0 0 0
>OBJ< 
>VIEW< 
>REF< 
\enddata{lset,269126220}
1 67 0 0 269126792 269126220 0
>OBJ< 
>VIEW< 
>REF< 
\enddata{lset,269079700}
\begindata{lset,269126020}
\V 1
\begindata{cel,269125920}
\V 2
\begindata{value,269125852}
\enddata{value,269125852}
10 269125852 1 0 0 0 
>OBJ< value
>VIEW< buttonV
>REF< undo
\begindata{text, 269125760}
\textdsversion{12}
[string] <label> (Undo)

\enddata{text,269125760}
\enddata{cel,269125920}
0 0 5 269125920 0 0 0
>OBJ< cel
>VIEW< celview
>REF< 
\enddata{lset,269126020}
1 26 0 0 269079700 269126020 0
>OBJ< 
>VIEW< 
>REF< 
\enddata{lset,269127016}
\begindata{lset,269125448}
\V 1
\begindata{cel,269125348}
\V 2
\begindata{value,269125280}
\enddata{value,269125280}
10 269125280 1 0 0 0 
>OBJ< value
>VIEW< buttonV
>REF< Save
\begindata{text, 269125188}
\textdsversion{12}
[string] <label> (Save)

\enddata{text,269125188}
\enddata{cel,269125348}
0 0 5 269125348 0 0 0
>OBJ< cel
>VIEW< celview
>REF< 
\enddata{lset,269125448}
1 28 0 0 269127016 269125448 0
>OBJ< 
>VIEW< 
>REF< 
\enddata{lset,269060440}
1 82 0 0 269080332 269060440 0
>OBJ< 
>VIEW< 
>REF< 
\enddata{lset,269080532}
\begindata{lset,269124876}
\V 1
\begindata{lset,269124676}
\V 1
\begindata{lset,269124476}
\V 1
\begindata{lset,269124276}
\V 1
\begindata{cel,269124176}
\V 2
\begindata{value,269124048}
\enddata{value,269124048}
10 269124048 1 0 0 0 
>OBJ< value
>VIEW< onoffV
>REF< mode
\begindata{text, 269123896}
\textdsversion{12}
[string] <top label> (record)

[string] <bottom label> (play)

\enddata{text,269123896}
\enddata{cel,269124176}
0 0 5 269124176 0 0 0
>OBJ< cel
>VIEW< celview
>REF< 
\enddata{lset,269124276}
\begindata{lset,269123524}
\V 1
\begindata{lset,269123264}
\V 1
\begindata{cel,269123104}
\V 2
\begindata{value,269122976}
\enddata{value,269122976}
10 269122976 1 0 0 0 
>OBJ< value
>VIEW< sliderV
>REF< speed
\begindata{text, 269122824}
\textdsversion{12}
[long] <min_value> (-25)

[long] <max_value> (25)

[string] <label> (Speed)

\enddata{text,269122824}
\enddata{cel,269123104}
0 0 5 269123104 0 0 0
>OBJ< cel
>VIEW< celview
>REF< 
\enddata{lset,269123264}
\begindata{lset,269122404}
\V 1
0 0 0 0 0 0 0
>OBJ< 
>VIEW< 
>REF< 
\enddata{lset,269122404}
2 18 0 0 269123264 269122404 0
>OBJ< 
>VIEW< 
>REF< 
\enddata{lset,269123524}
1 56 0 0 269124276 269123524 0
>OBJ< 
>VIEW< 
>REF< 
\enddata{lset,269124476}
\begindata{lset,269122144}
\V 1
\begindata{cel,269121984}
\V 2
\begindata{value,269121856}
\enddata{value,269121856}
10 269121856 1 0 0 0 
>OBJ< value
>VIEW< fourwayV
>REF< volume
\begindata{text, 269121704}
\textdsversion{12}
[string] <':' separated labels> (off:low:medium:high)

\enddata{text,269121704}
\enddata{cel,269121984}
0 0 5 269121984 0 0 0
>OBJ< cel
>VIEW< celview
>REF< 
\enddata{lset,269122144}
1 40 0 0 269124476 269122144 0
>OBJ< 
>VIEW< 
>REF< 
\enddata{lset,269124676}
\begindata{lset,269121284}
\V 1
\begindata{lset,269121024}
\V 1
\begindata{lset,269116144}
\V 1
\begindata{lset,268945400}
\V 1
\begindata{cel,268945300}
\V 2
\begindata{value,268945232}
\enddata{value,268945232}
10 268945232 1 0 0 0 
>OBJ< value
>VIEW< buttonV
>REF< replay
\begindata{text, 268945140}
\textdsversion{12}
[string] <label> (Replay)

\enddata{text,268945140}
\enddata{cel,268945300}
0 0 5 268945300 0 0 0
>OBJ< cel
>VIEW< celview
>REF< 
\enddata{lset,268945400}
\begindata{lset,268944828}
\V 1
\begindata{lset,268944628}
\V 1
\begindata{cel,268944528}
\V 2
\begindata{value,268944460}
\enddata{value,268944460}
10 268944460 1 0 0 0 
>OBJ< value
>VIEW< buttonV
>REF< clear
\begindata{text, 268944368}
\textdsversion{12}
[string] <label> (Clear)

\enddata{text,268944368}
\enddata{cel,268944528}
0 0 5 268944528 0 0 0
>OBJ< cel
>VIEW< celview
>REF< 
\enddata{lset,268944628}
\begindata{lset,268944056}
\V 1
\begindata{cel,269247144}
\V 2
\begindata{value,268689628}
\enddata{value,268689628}
10 268689628 1 0 0 0 
>OBJ< value
>VIEW< controlV
>REF< go
\begindata{text, 268689380}
\textdsversion{12}
[string] <Auto-Init> (True)

[string] <function> (start)

[string] <class> (pcontrol)

[string] <label> (Go)

\enddata{text,268689380}
\enddata{cel,269247144}
0 0 5 269247144 0 0 0
>OBJ< cel
>VIEW< celview
>REF< 
\enddata{lset,268944056}
2 49 0 0 268944628 268944056 0
>OBJ< 
>VIEW< 
>REF< 
\enddata{lset,268944828}
2 64 0 0 268945400 268944828 0
>OBJ< 
>VIEW< 
>REF< 
\enddata{lset,269116144}
\begindata{lset,268943484}
\V 1
\begindata{cel,268943384}
\V 2
\begindata{text, 268943292}
\textdsversion{12}
1,16,659.241394 E

1,16,523.239136 C

1,16,587.316711 D

1,16,659.241394 E

1,16,783.975769 G

1,16,698.442261 F

1,16,698.442261 F

1,16,879.983948 A

1,16,783.975769 G

1,16,783.975769 G

1,16,1046.484741 C

1,16,987.749573 B

1,16,1046.484741 C

1,16,783.975769 G

1,16,659.241394 E

1,16,523.239136 C

1,16,587.316711 D

1,16,659.241394 E

1,16,698.442261 F

1,16,783.975769 G

1,16,879.983948 A

1,16,783.975769 G

1,16,698.442261 F

1,16,659.241394 E

1,16,587.316711 D

1,16,659.241394 E

1,16,523.239136 C

1,16,493.871735 B

1,16,523.239136 C

1,16,587.316711 D

1,16,391.985474 G

1,16,493.871735 B

1,16,587.316711 D

1,16,698.442261 F

1,16,659.241394 E

1,16,587.316711 D

1,16,659.241394 E

1,16,523.239136 C

1,16,587.316711 D

1,16,659.241394 E

1,16,783.975769 G

1,16,698.442261 F

1,16,698.442261 F

1,16,879.983948 A

1,16,783.975769 G

1,16,783.975769 G

1,16,1046.484741 C

1,16,987.749573 B

1,16,1046.484741 C

1,16,783.975769 G

1,16,659.241394 E

1,16,523.239136 C

1,16,587.316711 D

1,16,659.241394 E

1,16,698.442261 F

1,16,783.975769 G

1,16,698.442261 F

1,16,659.241394 E

1,16,587.316711 D

1,16,523.239136 C

1,16,391.985474 G

1,16,493.871735 B

1,16,587.316711 D

1,16,523.239136 C

1,16,659.241394 E

1,16,783.975769 G

1,16,1046.484741 C

\enddata{text,268943292}
1 268943292 0 0 0 0 
>OBJ< text
>VIEW< textview
>REF< score
\enddata{cel,268943384}
0 0 5 268943384 0 0 0
>OBJ< cel
>VIEW< celview
>REF< 
\enddata{lset,268943484}
1 78 0 0 269116144 268943484 0
>OBJ< 
>VIEW< 
>REF< 
\enddata{lset,269121024}
\begindata{lset,268943092}
\V 1
\begindata{cel,269114832}
\V 2
\begindata{value,269114764}
\enddata{value,269114764}
10 269114764 1 0 0 0 
>OBJ< value
>VIEW< fourwayV
>REF< duration
\begindata{text, 269114672}
\textdsversion{12}
[string] <':' separated labels> (whole:half :quarter :eighth)

\enddata{text,269114672}
\enddata{cel,269114832}
0 0 5 269114832 0 0 0
>OBJ< cel
>VIEW< celview
>REF< 
\enddata{lset,268943092}
1 29 0 0 269121024 268943092 0
>OBJ< 
>VIEW< 
>REF< 
\enddata{lset,269121284}
1 64 0 0 269124676 269121284 0
>OBJ< 
>VIEW< 
>REF< 
\enddata{lset,269124876}
2 82 0 0 269080532 269124876 0
>OBJ< 
>VIEW< 
>REF< 
\enddata{lset,269080732}
2 51 0 0 269128068 269080732 0
>OBJ< 
>VIEW< 
>REF< 
\enddata{lset,269063500}
1 269063500 0 0 0 0 
>OBJ< lset
>VIEW< lsetview
>REF< ab2
\enddata{cel,269061720}
0 0 0 269061720 0 0 0
>OBJ< cel
>VIEW< celview
>REF< 
\enddata{lset,269061924}
1 269061924 0 0 0 0 
>OBJ< lset
>VIEW< lsetview
>REF< 
\enddata{cel,269114004}
