07/05/95 08:43:36: Starting build.
07/05/95 08:43:37: Connecting to index.
07/05/95 08:44:28: Searching: S:\BOOK
07/05/95 08:44:36: Searching: S:\SRC\X11R6~UW\PDFS
07/05/95 08:44:38: Indexing 6 documents.
07/05/95 08:45:04: Extracting from s:\book\cv2xview\book.pdf.
07/05/95 09:02:45: Extracting from s:\book\vol3ol\book.pdf.
07/05/95 10:05:44: S:\BOOK\VOL3OL\BOOK.PDF: Page 557 had an error.
07/05/95 10:18:19: Extracting from s:\book\vol7a\book.pdf.
07/05/95 12:11:30: Search engine is reextracting text from S:\BOOK\VOL7A\BOOK.PDF after writing a temporary index.
07/05/95 12:11:31: Extracting from s:\book\vol7a\book.pdf.
07/05/95 14:21:21: Extracting from s:\book\vol7b\book.pdf.
07/05/95 15:16:58: Extracting from s:\src\x11r6~uw\pdfs\manif~02.pdf.
07/05/95 15:17:49: Extracting from s:\src\x11r6~uw\pdfs\relno~9h.pdf.
07/05/95 15:19:56: S:\SRC\X11R6~UW\PDFS\RELNO~9H.PDF: Page 19 had an error.
07/05/95 15:42:43: Removing index entries for changed or deleted documents.
07/05/95 15:42:43: Removing unnecessary index entries.
07/05/95 15:42:55: Building Word Assist List.
07/05/95 15:48:56: Waiting for about 20 seconds to perform routine index update.
07/05/95 15:49:22:   Total Acrobat files in all directories: 6
07/05/95 15:49:22:   Total new files: 6
07/05/95 15:49:22:   Total pages indexed: 2719
07/05/95 15:49:22:   Total number of files skipped: 0
07/05/95 15:49:23:   Total deleted files: 0
07/05/95 15:49:33: Index Build Successful.
